<?xml version="1.0" encoding="UTF-8"?>
<!-- Generated by org.testng.reporters.JUnitXMLReporter -->
<testsuite ignored="17" hostname="Shanmukh" failures="1" tests="1" name="Default test" time="3.92" errors="0" timestamp="2023-07-03T23:05:34 IST">
  <testcase classname="Github_Pro.Github_Test" name="Create_file_Content" time="3.859">
    <failure type="java.lang.NullPointerException" message="Cannot invoke &amp;quot;Object.toString()&amp;quot; because the return value of &amp;quot;io.restassured.response.Response.path(String, String[])&amp;quot; is null">
      <![CDATA[java.lang.NullPointerException: Cannot invoke "Object.toString()" because the return value of "io.restassured.response.Response.path(String, String[])" is null
at Github_Pro.Github_Test.Create_file_Content(Github_Test.java:166)
at java.base/jdk.internal.reflect.DirectMethodHandleAccessor.invoke(DirectMethodHandleAccessor.java:104)
at java.base/java.lang.reflect.Method.invoke(Method.java:578)
at org.testng.internal.invokers.MethodInvocationHelper.invokeMethod(MethodInvocationHelper.java:139)
at org.testng.internal.invokers.TestInvoker.invokeMethod(TestInvoker.java:677)
at org.testng.internal.invokers.TestInvoker.invokeTestMethod(TestInvoker.java:221)
at org.testng.internal.invokers.MethodRunner.runInSequence(MethodRunner.java:50)
at org.testng.internal.invokers.TestInvoker$MethodInvocationAgent.invoke(TestInvoker.java:969)
at org.testng.internal.invokers.TestInvoker.invokeTestMethods(TestInvoker.java:194)
at org.testng.internal.invokers.TestMethodWorker.invokeTestMethods(TestMethodWorker.java:148)
at org.testng.internal.invokers.TestMethodWorker.run(TestMethodWorker.java:128)
at java.base/java.util.ArrayList.forEach(ArrayList.java:1511)
at org.testng.TestRunner.privateRun(TestRunner.java:829)
at org.testng.TestRunner.run(TestRunner.java:602)
at org.testng.SuiteRunner.runTest(SuiteRunner.java:437)
at org.testng.SuiteRunner.runSequentially(SuiteRunner.java:431)
at org.testng.SuiteRunner.privateRun(SuiteRunner.java:391)
at org.testng.SuiteRunner.run(SuiteRunner.java:330)
at org.testng.SuiteRunnerWorker.runSuite(SuiteRunnerWorker.java:52)
at org.testng.SuiteRunnerWorker.run(SuiteRunnerWorker.java:95)
at org.testng.TestNG.runSuitesSequentially(TestNG.java:1256)
at org.testng.TestNG.runSuitesLocally(TestNG.java:1176)
at org.testng.TestNG.runSuites(TestNG.java:1099)
at org.testng.TestNG.run(TestNG.java:1067)
at org.testng.remote.AbstractRemoteTestNG.run(AbstractRemoteTestNG.java:115)
at org.testng.remote.RemoteTestNG.initAndRun(RemoteTestNG.java:251)
at org.testng.remote.RemoteTestNG.main(RemoteTestNG.java:77)
]]>
    </failure>
  </testcase> <!-- Create_file_Content -->
  <testcase classname="Github_Pro.Github_Test" name="Replace_all_repos_topic" time="0.0">
    <ignored/>
  </testcase> <!-- Replace_all_repos_topic -->
  <testcase classname="Github_Pro.Github_Test" name="List_Repos_Tags" time="0.0">
    <ignored/>
  </testcase> <!-- List_Repos_Tags -->
  <testcase classname="Github_Pro.Github_Test" name="update_a_file_content" time="0.0">
    <ignored/>
  </testcase> <!-- update_a_file_content -->
  <testcase classname="Github_Pro.Github_Test" name="delete_a_file_content" time="0.0">
    <ignored/>
  </testcase> <!-- delete_a_file_content -->
  <testcase classname="Github_Pro.Github_Test" name="Create_a_Fork" time="0.0">
    <ignored/>
  </testcase> <!-- Create_a_Fork -->
  <testcase classname="Github_Pro.Github_Test" name="Get_an_autolink_reference_for_repos" time="0.0">
    <ignored/>
  </testcase> <!-- Get_an_autolink_reference_for_repos -->
  <testcase classname="Github_Pro.Github_Test" name="Create_an_Autolink_reference_for_repos" time="0.0">
    <ignored/>
  </testcase> <!-- Create_an_Autolink_reference_for_repos -->
  <testcase classname="Github_Pro.Github_Test" name="Get_repos" time="0.0">
    <ignored/>
  </testcase> <!-- Get_repos -->
  <testcase classname="Github_Pro.Github_Test" name="Create_a_repository" time="0.0">
    <ignored/>
  </testcase> <!-- Create_a_repository -->
  <testcase classname="Github_Pro.Github_Test" name="Delete_repos" time="0.0">
    <ignored/>
  </testcase> <!-- Delete_repos -->
  <testcase classname="Github_Pro.Github_Test" name="Delete_from_an_autolink_reference_for_repos" time="0.0">
    <ignored/>
  </testcase> <!-- Delete_from_an_autolink_reference_for_repos -->
  <testcase classname="Github_Pro.Github_Test" name="Get_all_repos_topic" time="0.0">
    <ignored/>
  </testcase> <!-- Get_all_repos_topic -->
  <testcase classname="Github_Pro.Github_Test" name="List_repos_for_a_User" time="0.0">
    <ignored/>
  </testcase> <!-- List_repos_for_a_User -->
  <testcase classname="Github_Pro.Github_Test" name="List_Repos_Language" time="0.0">
    <ignored/>
  </testcase> <!-- List_Repos_Language -->
  <testcase classname="Github_Pro.Github_Test" name="Update_repos" time="0.0">
    <ignored/>
  </testcase> <!-- Update_repos -->
  <testcase classname="Github_Pro.Github_Test" name="List_public_Repos" time="0.0">
    <ignored/>
  </testcase> <!-- List_public_Repos -->
  <testcase classname="Github_Pro.Github_Test" name="List_Forks" time="0.0">
    <ignored/>
  </testcase> <!-- List_Forks -->
</testsuite> <!-- Default test -->
